C51 COMPILER V9.60.7.0   BUZZER                                                            09/03/2024 18:36:59 PAGE 1   


C51 COMPILER V9.60.7.0, COMPILATION OF MODULE BUZZER
OBJECT MODULE PLACED IN .\Objects\buzzer.obj
COMPILER INVOKED BY: C:\Users\mojis\AppData\Local\Keil_v5\C51\BIN\C51.EXE buzzer.c OPTIMIZE(8,SPEED) BROWSE DEBUG OBJECT
                    -EXTEND PRINT(.\Listings\buzzer.lst) TABS(2) OBJECT(.\Objects\buzzer.obj)

line level    source

   1          #include <REGX52.H>
   2          #include <INTRINS.H>
   3          //#include "Delay.H"
   4          
   5          
   6          //蜂鸣器端口：
   7          sbit Buzzer=P2^5;
   8          
   9          /**
  10            * @brief  蜂鸣器私有延时函数，延时500us
  11            * @param  无
  12            * @retval 无
  13            */
  14          void Buzzer_Delay500us(void)  //@11.0592MHz
  15          {
  16   1        unsigned char data i;
  17   1      
  18   1        _nop_();
  19   1        i = 227;
  20   1        while (--i);
  21   1      }
  22          
  23          
  24          /**
  25            * @brief  蜂鸣器发声
  26            * @param  ms 发声的时长，范围：0~32767
  27            * @retval 无
  28            */
  29          void Buzzer_Time(unsigned int ms)
  30          {
  31   1        unsigned int i;
  32   1        for(i=0;i<ms*2;i++)
  33   1        {
  34   2          Buzzer=!Buzzer;
  35   2          Buzzer_Delay500us();
  36   2        }
  37   1      }
  38          
  39          //void Buzzer_Time(unsigned int ms)
  40          //{
  41          //  unsigned int i;
  42          //  for(i=0;i<ms*2;i++)
  43          //  {
  44          //    Buzzer=!Buzzer;
  45          //    Delay_ms(1);
  46          //  }
  47          //}


MODULE INFORMATION:   STATIC OVERLAYABLE
   CODE SIZE        =     40    ----
   CONSTANT SIZE    =   ----    ----
   XDATA SIZE       =   ----    ----
   PDATA SIZE       =   ----    ----
C51 COMPILER V9.60.7.0   BUZZER                                                            09/03/2024 18:36:59 PAGE 2   

   DATA SIZE        =   ----    ----
   IDATA SIZE       =   ----    ----
   BIT SIZE         =   ----    ----
END OF MODULE INFORMATION.


C51 COMPILATION COMPLETE.  0 WARNING(S),  0 ERROR(S)
