C51 COMPILER V9.60.7.0   MAIN                                                              07/23/2024 09:49:48 PAGE 1   


C51 COMPILER V9.60.7.0, COMPILATION OF MODULE MAIN
OBJECT MODULE PLACED IN .\Objects\main.obj
COMPILER INVOKED BY: C:\Users\mojis\AppData\Local\Keil_v5\C51\BIN\C51.EXE main.c OPTIMIZE(8,SPEED) BROWSE DEBUG OBJECTEX
                    -TEND PRINT(.\Listings\main.lst) TABS(2) OBJECT(.\Objects\main.obj)

line level    source

   1          #include <REGX52.H>
   2          #include <INTRINS.H>
   3          unsigned char b;
   4          
   5          void Delay_ms(unsigned int a) //@11.0592MHz
   6          {
   7   1        unsigned char data i, j;
   8   1        while(a)
   9   1        {
  10   2        _nop_();
  11   2        i = 2;
  12   2        j = 199;
  13   2        do
  14   2        {
  15   3          while (--j);
  16   3        } while (--i);
  17   2        a=a-1;
  18   2        }
  19   1      }
  20            
  21          void main()
  22          {
  23   1        P2=~0x01;
  24   1        while(1)
  25   1        {
  26   2          if(P3_1==0)
  27   2          {
  28   3            Delay_ms(20);
  29   3            while(P3_1==0);
  30   3            Delay_ms(20);
  31   3            b++;
  32   3            if(b>=8)
  33   3              b=0;
  34   3            P2=~(0x01<<b);
  35   3          }
  36   2          if(P3_0==0)
  37   2          {
  38   3            Delay_ms(20);
  39   3            while(P3_0==0);
  40   3            Delay_ms(20);
  41   3            
  42   3            if(b==0)
  43   3              b=7;
  44   3            else
  45   3              b--;
  46   3            P2=~(0x01<<b);
  47   3          }
  48   2        }
  49   1      }


MODULE INFORMATION:   STATIC OVERLAYABLE
   CODE SIZE        =    109    ----
   CONSTANT SIZE    =   ----    ----
C51 COMPILER V9.60.7.0   MAIN                                                              07/23/2024 09:49:48 PAGE 2   

   XDATA SIZE       =   ----    ----
   PDATA SIZE       =   ----    ----
   DATA SIZE        =      1    ----
   IDATA SIZE       =   ----    ----
   BIT SIZE         =   ----    ----
END OF MODULE INFORMATION.


C51 COMPILATION COMPLETE.  0 WARNING(S),  0 ERROR(S)
