C51 COMPILER V9.60.7.0   DELAY                                                             07/31/2024 21:16:41 PAGE 1   


C51 COMPILER V9.60.7.0, COMPILATION OF MODULE DELAY
OBJECT MODULE PLACED IN .\Objects\Delay.obj
COMPILER INVOKED BY: C:\Users\mojis\AppData\Local\Keil_v5\C51\BIN\C51.EXE Delay.c OPTIMIZE(8,SPEED) BROWSE DEBUG OBJECTE
                    -XTEND PRINT(.\Listings\Delay.lst) TABS(2) OBJECT(.\Objects\Delay.obj)

line level    source

   1          #include <INTRINS.H>
   2          
   3          void Delay_ms(unsigned int a) //@11.0592MHz
   4          {
   5   1        unsigned char data i, j;
   6   1        while(a)
   7   1        {
   8   2        _nop_();
   9   2        i = 2;
  10   2        j = 199;
  11   2        do
  12   2        {
  13   3          while (--j);
  14   3        } while (--i);
  15   2        a=a-1;
  16   2        }
  17   1      }


MODULE INFORMATION:   STATIC OVERLAYABLE
   CODE SIZE        =     21    ----
   CONSTANT SIZE    =   ----    ----
   XDATA SIZE       =   ----    ----
   PDATA SIZE       =   ----    ----
   DATA SIZE        =   ----    ----
   IDATA SIZE       =   ----    ----
   BIT SIZE         =   ----    ----
END OF MODULE INFORMATION.


C51 COMPILATION COMPLETE.  0 WARNING(S),  0 ERROR(S)
