C51 COMPILER V9.60.7.0   MAIN                                                              07/31/2024 21:16:41 PAGE 1   


C51 COMPILER V9.60.7.0, COMPILATION OF MODULE MAIN
OBJECT MODULE PLACED IN .\Objects\main.obj
COMPILER INVOKED BY: C:\Users\mojis\AppData\Local\Keil_v5\C51\BIN\C51.EXE main.c OPTIMIZE(8,SPEED) BROWSE DEBUG OBJECTEX
                    -TEND PRINT(.\Listings\main.lst) TABS(2) OBJECT(.\Objects\main.obj)

line level    source

   1          #include <REGX52.H>
   2          #include "LCD1602.h"
   3          #include "Delay.h"
   4          #include "MatrixKey.h"
   5          
   6          unsigned int jiamwei=0;
   7          unsigned int mima=0;
   8          unsigned int c=0;
   9          void main()
  10          {
  11   1        LCD_Init();
  12   1        LCD_ShowString(1,1,"Password:");
  13   1        while(1)
  14   1        {
  15   2          jiamwei=MatrixKey();
  16   2          if (jiamwei!=0)
  17   2            {
  18   3              if (jiamwei<=10)
  19   3              {
  20   4                if (c<4)
  21   4                {
  22   5                  mima*=10;
  23   5                  mima+=jiamwei%10;
  24   5                  c++;
  25   5                }
  26   4                LCD_ShowNum(1,11,mima,4);
  27   4              }
  28   3                if (jiamwei==11)
  29   3                {
  30   4                  if (mima==1211)
  31   4                  {
  32   5                    LCD_ShowString(2,1,"okkkk");
  33   5                    mima=0;
  34   5                    c=0;
  35   5                    LCD_ShowNum(1,11,mima,4);
  36   5                  }
  37   4                  else
  38   4                  {
  39   5                    LCD_ShowString(2,1,"error");
  40   5                    mima=0;
  41   5                    c=0;
  42   5                    LCD_ShowNum(1,11,mima,4);
  43   5                  }
  44   4                }
  45   3                if (jiamwei==12)
  46   3                {
  47   4                  mima=0;
  48   4                  c=0;
  49   4                  LCD_ShowNum(1,11,mima,4);
  50   4                }
  51   3            }
  52   2        }
  53   1      }

C51 COMPILER V9.60.7.0   MAIN                                                              07/31/2024 21:16:41 PAGE 2   


MODULE INFORMATION:   STATIC OVERLAYABLE
   CODE SIZE        =    204    ----
   CONSTANT SIZE    =     22    ----
   XDATA SIZE       =   ----    ----
   PDATA SIZE       =   ----    ----
   DATA SIZE        =      6    ----
   IDATA SIZE       =   ----    ----
   BIT SIZE         =   ----    ----
END OF MODULE INFORMATION.


C51 COMPILATION COMPLETE.  0 WARNING(S),  0 ERROR(S)
