C51 COMPILER V9.60.7.0   MATRIXKEY                                                         07/31/2024 21:16:41 PAGE 1   


C51 COMPILER V9.60.7.0, COMPILATION OF MODULE MATRIXKEY
OBJECT MODULE PLACED IN .\Objects\MatrixKey.obj
COMPILER INVOKED BY: C:\Users\mojis\AppData\Local\Keil_v5\C51\BIN\C51.EXE MatrixKey.c OPTIMIZE(8,SPEED) BROWSE DEBUG OBJ
                    -ECTEXTEND PRINT(.\Listings\MatrixKey.lst) TABS(2) OBJECT(.\Objects\MatrixKey.obj)

line level    source

   1          #include <REGX52.H>
   2          #include "Delay.h"
   3          
   4          /**
   5            * @brief  矩阵键盘读取按键键码
   6            * @param  无
   7            * @retval 无备注
   8            */
   9          unsigned char MatrixKey()
  10          {
  11   1        int KeyNumber=0;
  12   1        P1=0xff;
  13   1        P1_3=0;
  14   1        if(P1_7==0){Delay_ms(20);while(P1_7==0);Delay_ms(20);KeyNumber=1;}
  15   1        if(P1_6==0){Delay_ms(20);while(P1_6==0);Delay_ms(20);KeyNumber=5;}
  16   1        if(P1_5==0){Delay_ms(20);while(P1_5==0);Delay_ms(20);KeyNumber=9;}
  17   1        if(P1_4==0){Delay_ms(20);while(P1_4==0);Delay_ms(20);KeyNumber=13;}
  18   1        
  19   1        P1=0xff;
  20   1        P1_2=0;
  21   1        if(P1_7==0){Delay_ms(20);while(P1_7==0);Delay_ms(20);KeyNumber=2;}
  22   1        if(P1_6==0){Delay_ms(20);while(P1_6==0);Delay_ms(20);KeyNumber=6;}
  23   1        if(P1_5==0){Delay_ms(20);while(P1_5==0);Delay_ms(20);KeyNumber=10;}
  24   1        if(P1_4==0){Delay_ms(20);while(P1_4==0);Delay_ms(20);KeyNumber=14;}
  25   1        
  26   1        P1=0xff;
  27   1        P1_1=0;
  28   1        if(P1_7==0){Delay_ms(20);while(P1_7==0);Delay_ms(20);KeyNumber=3;}
  29   1        if(P1_6==0){Delay_ms(20);while(P1_6==0);Delay_ms(20);KeyNumber=7;}
  30   1        if(P1_5==0){Delay_ms(20);while(P1_5==0);Delay_ms(20);KeyNumber=11;}
  31   1        if(P1_4==0){Delay_ms(20);while(P1_4==0);Delay_ms(20);KeyNumber=15;}
  32   1        
  33   1        P1=0xff;
  34   1        P1_0=0;
  35   1        if(P1_7==0){Delay_ms(20);while(P1_7==0);Delay_ms(20);KeyNumber=4;}
  36   1        if(P1_6==0){Delay_ms(20);while(P1_6==0);Delay_ms(20);KeyNumber=8;}
  37   1        if(P1_5==0){Delay_ms(20);while(P1_5==0);Delay_ms(20);KeyNumber=12;}
  38   1        if(P1_4==0){Delay_ms(20);while(P1_4==0);Delay_ms(20);KeyNumber=16;}
  39   1        
  40   1        return KeyNumber;
  41   1        
  42   1      }


MODULE INFORMATION:   STATIC OVERLAYABLE
   CODE SIZE        =    443    ----
   CONSTANT SIZE    =   ----    ----
   XDATA SIZE       =   ----    ----
   PDATA SIZE       =   ----    ----
   DATA SIZE        =   ----       2
   IDATA SIZE       =   ----    ----
   BIT SIZE         =   ----    ----
END OF MODULE INFORMATION.


C51 COMPILATION COMPLETE.  0 WARNING(S),  0 ERROR(S)
