C51 COMPILER V9.60.7.0   MAIN                                                              09/02/2024 15:07:44 PAGE 1   


C51 COMPILER V9.60.7.0, COMPILATION OF MODULE MAIN
OBJECT MODULE PLACED IN .\Objects\main.obj
COMPILER INVOKED BY: C:\Users\mojis\AppData\Local\Keil_v5\C51\BIN\C51.EXE main.c OPTIMIZE(8,SPEED) BROWSE DEBUG OBJECTEX
                    -TEND PRINT(.\Listings\main.lst) TABS(2) OBJECT(.\Objects\main.obj)

line level    source

   1          #include <REGX52.H>
   2          #include "LCD1602.h"
   3          #include "DS1302.h"
   4          #include "Key.h"
   5          #include "Timer0.h"
   6          #include "Delay.h"
   7          
   8          unsigned char KeyNum,MODE,TimeSetSelect,TimeSetFlashFlay;
   9          
  10          void TimeShow(void)
  11          {
  12   1        DS1302_ReadTime();
  13   1        LCD_ShowNum(1,1,DS1302_Time[0],2);
  14   1        LCD_ShowNum(1,4,DS1302_Time[1],2);
  15   1        LCD_ShowNum(1,7,DS1302_Time[2],2);
  16   1        LCD_ShowNum(2,1,DS1302_Time[3],2);
  17   1        LCD_ShowNum(2,4,DS1302_Time[4],2);
  18   1        LCD_ShowNum(2,7,DS1302_Time[5],2);
  19   1      }
  20          
  21          void TimeSet(void)
  22          {
  23   1          if(KeyNum==2)
  24   1          {
  25   2            TimeSetSelect++;
  26   2            TimeSetSelect%=6;
  27   2          }
  28   1          if(KeyNum==3)
  29   1          {
  30   2            DS1302_Time[TimeSetSelect]++;
  31   2            if(DS1302_Time[0]>99){DS1302_Time[0]=0;}
  32   2            if(DS1302_Time[1]>12){DS1302_Time[1]=1;}
  33   2            if(DS1302_Time[1]==12||DS1302_Time[1]==10||DS1302_Time[1]==8||DS1302_Time[1]==7
  34   2              ||DS1302_Time[1]==5||DS1302_Time[1]==3||DS1302_Time[1]==1)
  35   2            {
  36   3                if(DS1302_Time[2]>31){DS1302_Time[2]=1;}
  37   3            }
  38   2            else if(DS1302_Time[1]==11||DS1302_Time[1]==9||DS1302_Time[1]==6||DS1302_Time[1]==4)
  39   2            {
  40   3                if(DS1302_Time[2]>30){DS1302_Time[2]=1;}
  41   3            }
  42   2            else if(DS1302_Time[1]==2)
  43   2            {
  44   3                if(DS1302_Time[0]%4==0)
  45   3                {
  46   4                    if(DS1302_Time[2]>29){DS1302_Time[2]=1;}
  47   4                }
  48   3                else
  49   3                {
  50   4                    if(DS1302_Time[2]>28){DS1302_Time[2]=1;}
  51   4                }
  52   3            }
  53   2            if(DS1302_Time[3]>23){DS1302_Time[3]=0;}
  54   2            if(DS1302_Time[4]>59){DS1302_Time[4]=0;}
C51 COMPILER V9.60.7.0   MAIN                                                              09/02/2024 15:07:44 PAGE 2   

  55   2            if(DS1302_Time[5]>59){DS1302_Time[5]=0;}
  56   2      
  57   2          }
  58   1          if(KeyNum==4)
  59   1          {
  60   2            DS1302_Time[TimeSetSelect]--;
  61   2                  if(DS1302_Time[0]<0){DS1302_Time[0]=99;}
  62   2            if(DS1302_Time[1]<1){DS1302_Time[1]=12;}
  63   2            if(DS1302_Time[1]==12||DS1302_Time[1]==10||DS1302_Time[1]==8||DS1302_Time[1]==7
  64   2              ||DS1302_Time[1]==5||DS1302_Time[1]==3||DS1302_Time[1]==1)
  65   2            {
  66   3                if(DS1302_Time[2]<1){DS1302_Time[2]=31;}
  67   3                if(DS1302_Time[2]>31){DS1302_Time[2]=1;}
  68   3            }
  69   2            else if(DS1302_Time[1]==11||DS1302_Time[1]==9||DS1302_Time[1]==6||DS1302_Time[1]==4)
  70   2            {
  71   3                if(DS1302_Time[2]<1){DS1302_Time[2]=30;}
  72   3                if(DS1302_Time[2]>30){DS1302_Time[2]=1;}
  73   3            }
  74   2            else if(DS1302_Time[1]==2)
  75   2            {
  76   3                if(DS1302_Time[0]%4==0)
  77   3                {
  78   4                    if(DS1302_Time[2]<1){DS1302_Time[2]=29;}
  79   4                    if(DS1302_Time[2]>29){DS1302_Time[2]=1;}
  80   4                }
  81   3                else
  82   3                {
  83   4                    if(DS1302_Time[2]<1){DS1302_Time[2]=28;} 
  84   4                    if(DS1302_Time[2]>28){DS1302_Time[2]=1;}
  85   4                }
  86   3            }
  87   2            if(DS1302_Time[3]<0){DS1302_Time[3]=23;}
  88   2            if(DS1302_Time[4]<0){DS1302_Time[4]=59;}
  89   2            if(DS1302_Time[5]<0){DS1302_Time[5]=59;}
  90   2      
  91   2          }
  92   1          if(TimeSetFlashFlay==1&&TimeSetSelect==0){LCD_ShowString(1,1,"  ");}
  93   1          else {LCD_ShowNum(1,1,DS1302_Time[0],2);}
  94   1          if(TimeSetFlashFlay==1&&TimeSetSelect==1){LCD_ShowString(1,4,"  ");}
  95   1          else {LCD_ShowNum(1,4,DS1302_Time[1],2);}
  96   1          if(TimeSetFlashFlay==1&&TimeSetSelect==2){LCD_ShowString(1,7,"  ");}
  97   1          else {LCD_ShowNum(1,7,DS1302_Time[2],2);}
  98   1          if(TimeSetFlashFlay==1&&TimeSetSelect==3){LCD_ShowString(2,1,"  ");}
  99   1          else {LCD_ShowNum(2,1,DS1302_Time[3],2);}
 100   1          if(TimeSetFlashFlay==1&&TimeSetSelect==4){LCD_ShowString(2,4,"  ");}
 101   1          else {LCD_ShowNum(2,4,DS1302_Time[4],2);}
 102   1          if(TimeSetFlashFlay==1&&TimeSetSelect==5){LCD_ShowString(2,7,"  ");}
 103   1          else {LCD_ShowNum(2,7,DS1302_Time[5],2);}
 104   1      }
 105          
 106          
 107          
 108          
 109          void main()
 110          {
 111   1        LCD_Init();
 112   1        DS1302_Init();
 113   1        LCD_ShowString(1,1,"  -  -  ");//静态字符初始化显示
 114   1        LCD_ShowString(2,1,"  :  :  ");
 115   1        DS1302_SetTime();
 116   1        Timer0_Init();
C51 COMPILER V9.60.7.0   MAIN                                                              09/02/2024 15:07:44 PAGE 3   

 117   1        while(1)
 118   1        {
 119   2          KeyNum=Key();
 120   2          if(KeyNum==1)
 121   2          {
 122   3            if(MODE==0){MODE=1;}
 123   3            else if(MODE==1){MODE=0;DS1302_SetTime();}
 124   3          }
 125   2          switch(MODE)
 126   2          {
 127   3            case 0:TimeShow();break;
 128   3            case 1:TimeSet();break;
 129   3          }
 130   2        }
 131   1      }
 132          void Timer0_Routine() interrupt 1
 133          {
 134   1        static unsigned int T0Count;
 135   1        TL0 = 0x18;   //设置定时初值
 136   1        TH0 = 0xFC;   //设置定时初值
 137   1        T0Count++;
 138   1        if(T0Count>=500)
 139   1        {
 140   2          T0Count=0;
 141   2          TimeSetFlashFlay=!TimeSetFlashFlay;
 142   2        }
 143   1      }


MODULE INFORMATION:   STATIC OVERLAYABLE
   CODE SIZE        =    967    ----
   CONSTANT SIZE    =     21    ----
   XDATA SIZE       =   ----    ----
   PDATA SIZE       =   ----    ----
   DATA SIZE        =      6    ----
   IDATA SIZE       =   ----    ----
   BIT SIZE         =   ----    ----
END OF MODULE INFORMATION.


C51 COMPILATION COMPLETE.  0 WARNING(S),  0 ERROR(S)
