C51 COMPILER V9.60.7.0   MAIN                                                              08/22/2024 11:03:03 PAGE 1   


C51 COMPILER V9.60.7.0, COMPILATION OF MODULE MAIN
OBJECT MODULE PLACED IN .\Objects\main.obj
COMPILER INVOKED BY: C:\Users\mojis\AppData\Local\Keil_v5\C51\BIN\C51.EXE main.c OPTIMIZE(8,SPEED) BROWSE DEBUG OBJECTEX
                    -TEND PRINT(.\Listings\main.lst) TABS(2) OBJECT(.\Objects\main.obj)

line level    source

   1          #include <REGX52.H>
   2          #include "MatrixLED.h"
   3          
   4          unsigned char code Animation[]={
   5            0x3C,0x42,0xA9,0x85,0x85,0xA9,0x42,0x3C,
   6            0x3C,0x42,0xA1,0x85,0x85,0xA1,0x42,0x3C,
   7            0x3C,0x42,0xA5,0x89,0x89,0xA5,0x42,0x3C,
   8          };
   9          
  10          void main()
  11          {
  12   1        unsigned char i,Offset=0,Count=0;
  13   1        MatrixLED_Init();
  14   1        while(1)
  15   1        {
  16   2          for(i=0;i<8;i++)  //循环8次，显示8列数据
  17   2          {
  18   3            MatrixLED_ShowColumn(i,Animation[i+Offset]);
  19   3          }
  20   2          Count++;      //计次延时
  21   2          if(Count>15)
  22   2          {
  23   3            Count=0;
  24   3            Offset+=8;    //偏移+8，切换下一帧画面
  25   3            if(Offset>16)
  26   3            {
  27   4              Offset=0;
  28   4            }
  29   3          }
  30   2        }
  31   1      }
  32          
  33          
  34          
  35          
  36          


MODULE INFORMATION:   STATIC OVERLAYABLE
   CODE SIZE        =     64    ----
   CONSTANT SIZE    =     24    ----
   XDATA SIZE       =   ----    ----
   PDATA SIZE       =   ----    ----
   DATA SIZE        =   ----       3
   IDATA SIZE       =   ----    ----
   BIT SIZE         =   ----    ----
END OF MODULE INFORMATION.


C51 COMPILATION COMPLETE.  0 WARNING(S),  0 ERROR(S)
