C51 COMPILER V9.60.7.0   MATRIXLLED                                                        08/22/2024 10:49:18 PAGE 1   


C51 COMPILER V9.60.7.0, COMPILATION OF MODULE MATRIXLLED
OBJECT MODULE PLACED IN .\Objects\MatrixlLED.obj
COMPILER INVOKED BY: C:\Users\mojis\AppData\Local\Keil_v5\C51\BIN\C51.EXE MatrixlLED.c OPTIMIZE(8,SPEED) BROWSE DEBUG OB
                    -JECTEXTEND PRINT(.\Listings\MatrixlLED.lst) TABS(2) OBJECT(.\Objects\MatrixlLED.obj)

line level    source

   1          #include <REGX52.H>
   2          #include "Delay.h"
   3          
   4          sbit RCK=P3^5;    //RCLK
   5          sbit SCK=P3^6;    //SRCLK
   6          sbit SER=P3^4;    //SER
   7          
   8          #define MATRIX_LED_PORT   P0
   9          
  10          void MatrixLED_Init()
  11          {
  12   1        SCK=0;
  13   1        RCK=0;
  14   1      }
  15          
  16          
  17          
  18          /**
  19            * @brief  74HC595写入一个字节
  20            * @param  Byte 要写入的字节
  21            * @retval 无
  22            */
  23          void _74HC595_WriteByte(unsigned char Byte)
  24          {
  25   1        unsigned char i;
  26   1        for(i=0;i<8;i++)
  27   1        {
  28   2          SER=Byte&(0x80>>i);
  29   2          SCK=1;
  30   2          SCK=0;
  31   2        }
  32   1        RCK=1;
  33   1        RCK=0;
  34   1      }
  35          
  36          /**
  37            * @brief  LED点阵屏显示一列数据
  38            * @param  Column 要选择的列，范围：0~7，0在最左边
  39            * @param  Data 选择列显示的数据，高位在上，1为亮，0为灭
  40            * @retval 无
  41            */
  42          void MatrixLED_ShowColumn(unsigned char Column,Data)
  43          {
  44   1        _74HC595_WriteByte(Data);
  45   1        MATRIX_LED_PORT=~(0x80>>Column);
  46   1        Delay_ms(1);
  47   1        MATRIX_LED_PORT=0xFF;
  48   1      }


MODULE INFORMATION:   STATIC OVERLAYABLE
   CODE SIZE        =     84    ----
   CONSTANT SIZE    =   ----    ----
   XDATA SIZE       =   ----    ----
C51 COMPILER V9.60.7.0   MATRIXLLED                                                        08/22/2024 10:49:18 PAGE 2   

   PDATA SIZE       =   ----    ----
   DATA SIZE        =   ----    ----
   IDATA SIZE       =   ----    ----
   BIT SIZE         =   ----    ----
END OF MODULE INFORMATION.


C51 COMPILATION COMPLETE.  0 WARNING(S),  0 ERROR(S)
