C51 COMPILER V9.60.7.0   MAIN                                                              07/26/2024 12:39:14 PAGE 1   


C51 COMPILER V9.60.7.0, COMPILATION OF MODULE MAIN
OBJECT MODULE PLACED IN .\Objects\main.obj
COMPILER INVOKED BY: C:\Users\mojis\AppData\Local\Keil_v5\C51\BIN\C51.EXE main.c OPTIMIZE(8,SPEED) BROWSE DEBUG OBJECTEX
                    -TEND PRINT(.\Listings\main.lst) TABS(2) OBJECT(.\Objects\main.obj)

line level    source

   1          #include <REGX52.H>
   2          #include <INTRINS.H>
   3          void Delay_ms(unsigned int a) //@11.0592MHz
   4          {
   5   1        unsigned char data i, j;
   6   1        while(a)
   7   1        {
   8   2        _nop_();
   9   2        i = 2;
  10   2        j = 199;
  11   2        do
  12   2        {
  13   3          while (--j);
  14   3        } while (--i);
  15   2        a=a-1;
  16   2        }
  17   1      }
  18          
  19          
  20          unsigned char input_number[]={0x3F,0x06,0x5B,0x4F,0x66,0x6D,0x7D,0x07,0x7F,0x6F};
  21          
  22          void dtd (unsigned char location,c)
  23          {
  24   1        switch(location)
  25   1        {
  26   2          case 1: P2_2=1;P2_3=1;P2_4=1;break;
  27   2          case 2: P2_2=0;P2_3=1;P2_4=1;break;
  28   2          case 3: P2_2=1;P2_3=0;P2_4=1;break;
  29   2          case 4: P2_2=0;P2_3=0;P2_4=1;break;
  30   2          case 5: P2_2=1;P2_3=1;P2_4=0;break;
  31   2          case 6: P2_2=0;P2_3=1;P2_4=0;break;
  32   2          case 7: P2_2=1;P2_3=0;P2_4=0;break;
  33   2          case 8: P2_2=0;P2_3=0;P2_4=0;break;
  34   2        }
  35   1        P0=input_number[c];
  36   1        Delay_ms(1);
  37   1        P0=0x00;
  38   1      }
  39          
  40          void main()
  41          {
  42   1        
  43   1        while(1)
  44   1        {
  45   2          dtd(1,2);
  46   2          dtd(2,2);
  47   2          dtd(3,2);
  48   2          
  49   2        }
  50   1      }


MODULE INFORMATION:   STATIC OVERLAYABLE
   CODE SIZE        =    155    ----
C51 COMPILER V9.60.7.0   MAIN                                                              07/26/2024 12:39:14 PAGE 2   

   CONSTANT SIZE    =   ----    ----
   XDATA SIZE       =   ----    ----
   PDATA SIZE       =   ----    ----
   DATA SIZE        =     10    ----
   IDATA SIZE       =   ----    ----
   BIT SIZE         =   ----    ----
END OF MODULE INFORMATION.


C51 COMPILATION COMPLETE.  0 WARNING(S),  0 ERROR(S)
