C51 COMPILER V9.60.7.0   MAIN                                                              07/20/2024 15:36:16 PAGE 1   


C51 COMPILER V9.60.7.0, COMPILATION OF MODULE MAIN
OBJECT MODULE PLACED IN .\Objects\main.obj
COMPILER INVOKED BY: C:\Users\mojis\AppData\Local\Keil_v5\C51\BIN\C51.EXE main.c OPTIMIZE(8,SPEED) BROWSE DEBUG OBJECTEX
                    -TEND PRINT(.\Listings\main.lst) TABS(2) OBJECT(.\Objects\main.obj)

line level    source

   1          #include <REGX52.H>
   2          #include <INTRINS.H>
   3          
   4          void Delay_ms(unsigned int a) //@11.0592MHz
   5          {
   6   1        unsigned char data i, j;
   7   1        while(a)
   8   1        {
   9   2        i = 2;
  10   2        j = 199;
  11   2        do
  12   2        {
  13   3          while (--j);
  14   3        } while (--i);
  15   2        a=a-1;
  16   2        }
  17   1        
  18   1      }
  19          
  20          void main()
  21          {
  22   1        while(1)
  23   1        {
  24   2          P2=0xfe;//1111 1110
  25   2          Delay_ms(500);
  26   2          P2=0xfd;//1111 1101
  27   2          Delay_ms(500);
  28   2          P2=0xfb;//1111 1011
  29   2          Delay_ms(500);
  30   2          P2=0xf7;//1111 0111
  31   2          Delay_ms(500);
  32   2          P2=0xef;//1110 1111
  33   2          Delay_ms(500);
  34   2          P2=0xdf;//1101 1111
  35   2          Delay_ms(500);
  36   2          P2=0xbf;//1011 1111
  37   2          Delay_ms(500);
  38   2          P2=0x7f;//0111 1111
  39   2          Delay_ms(500);
  40   2        }
  41   1        
  42   1      }


MODULE INFORMATION:   STATIC OVERLAYABLE
   CODE SIZE        =     74    ----
   CONSTANT SIZE    =   ----    ----
   XDATA SIZE       =   ----    ----
   PDATA SIZE       =   ----    ----
   DATA SIZE        =   ----    ----
   IDATA SIZE       =   ----    ----
   BIT SIZE         =   ----    ----
END OF MODULE INFORMATION.


C51 COMPILATION COMPLETE.  0 WARNING(S),  0 ERROR(S)
