C51 COMPILER V9.60.7.0   MAIN                                                              07/27/2024 19:59:03 PAGE 1   


C51 COMPILER V9.60.7.0, COMPILATION OF MODULE MAIN
OBJECT MODULE PLACED IN .\Objects\main.obj
COMPILER INVOKED BY: C:\Users\mojis\AppData\Local\Keil_v5\C51\BIN\C51.EXE main.c OPTIMIZE(8,SPEED) BROWSE DEBUG OBJECTEX
                    -TEND PRINT(.\Listings\main.lst) TABS(2) OBJECT(.\Objects\main.obj)

line level    source

   1          #include <REGX52.H>
   2          #include "LCD1602.h"
   3          #include "Delay.h"
   4          #include "MatrixKey.h"
   5          
   6          int b=0;
   7          void main()
   8          {
   9   1        LCD_Init();
  10   1        LCD_ShowString(1,1,"MatrixKey:");
  11   1        while(1)
  12   1        {
  13   2          b=MatrixKey();
  14   2          if (b!=0)
  15   2            {
  16   3              LCD_ShowNum(1,11,b,2);
  17   3            }
  18   2        }
  19   1      }


MODULE INFORMATION:   STATIC OVERLAYABLE
   CODE SIZE        =     46    ----
   CONSTANT SIZE    =     11    ----
   XDATA SIZE       =   ----    ----
   PDATA SIZE       =   ----    ----
   DATA SIZE        =      2    ----
   IDATA SIZE       =   ----    ----
   BIT SIZE         =   ----    ----
END OF MODULE INFORMATION.


C51 COMPILATION COMPLETE.  0 WARNING(S),  0 ERROR(S)
