C51 COMPILER V9.60.7.0   MAIN                                                              07/20/2024 15:17:45 PAGE 1   


C51 COMPILER V9.60.7.0, COMPILATION OF MODULE MAIN
OBJECT MODULE PLACED IN .\Objects\main.obj
COMPILER INVOKED BY: C:\Users\mojis\AppData\Local\Keil_v5\C51\BIN\C51.EXE main.c OPTIMIZE(8,SPEED) BROWSE DEBUG OBJECTEX
                    -TEND PRINT(.\Listings\main.lst) TABS(2) OBJECT(.\Objects\main.obj)

line level    source

   1          #include <REGX52.H>
   2          #include <INTRINS.H>
   3          
   4          
   5          void Delay500ms(void) //@11.0592MHz
   6          {
   7   1        unsigned char data i, j, k;
   8   1      
   9   1        _nop_();
  10   1        i = 4;
  11   1        j = 129;
  12   1        k = 119;
  13   1        do
  14   1        {
  15   2          do
  16   2          {
  17   3            while (--k);
  18   3          } while (--j);
  19   2        } while (--i);
  20   1      }
  21          
  22          void main()
  23          {
  24   1        while(1)
  25   1        {
  26   2          P2=0xfe;//1111 1110
  27   2          Delay500ms();
  28   2          P2=0xfd;//1111 1101
  29   2          Delay500ms();
  30   2          P2=0xfb;//1111 1011
  31   2          Delay500ms();
  32   2          P2=0xf7;//1111 0111
  33   2          Delay500ms();
  34   2          P2=0xef;//1110 1111
  35   2          Delay500ms();
  36   2          P2=0xdf;//1101 1111
  37   2          Delay500ms();
  38   2          P2=0xbf;//1011 1111
  39   2          Delay500ms();
  40   2          P2=0x7f;//0111 1111
  41   2          Delay500ms();
  42   2        }
  43   1        
  44   1      }


MODULE INFORMATION:   STATIC OVERLAYABLE
   CODE SIZE        =     64    ----
   CONSTANT SIZE    =   ----    ----
   XDATA SIZE       =   ----    ----
   PDATA SIZE       =   ----    ----
   DATA SIZE        =   ----    ----
   IDATA SIZE       =   ----    ----
   BIT SIZE         =   ----    ----
C51 COMPILER V9.60.7.0   MAIN                                                              07/20/2024 15:17:45 PAGE 2   

END OF MODULE INFORMATION.


C51 COMPILATION COMPLETE.  0 WARNING(S),  0 ERROR(S)
