C51 COMPILER V9.60.7.0   MAIN                                                              08/18/2024 14:47:27 PAGE 1   


C51 COMPILER V9.60.7.0, COMPILATION OF MODULE MAIN
OBJECT MODULE PLACED IN .\Objects\main.obj
COMPILER INVOKED BY: C:\Users\mojis\AppData\Local\Keil_v5\C51\BIN\C51.EXE main.c OPTIMIZE(8,SPEED) BROWSE DEBUG OBJECTEX
                    -TEND PRINT(.\Listings\main.lst) TABS(2) OBJECT(.\Objects\main.obj)

line level    source

   1          #include <REGX52.H>
   2          #include "LCD1602.h"
   3          #include "Delay.h"
   4          #include "Timer0.h"
   5          
   6          unsigned char Sec,Min,Hour;
   7          void main()
   8          {
   9   1        LCD_Init();
  10   1        LCD_ShowString(1,1,"Clock:");
  11   1        LCD_ShowString(1,7,"  :  :");
  12   1        Timer0_Init();
  13   1        while(1)
  14   1        {
  15   2          LCD_ShowNum(1,7,Hour,2);
  16   2          LCD_ShowNum(1,10,Min,2);
  17   2          LCD_ShowNum(1,13,Sec,2);
  18   2        }
  19   1      }
  20          
  21          void Timer0_Routine() interrupt 1
  22          {
  23   1        static unsigned int T0Count;
  24   1        TL0 = 0x18;   //设置定时初值
  25   1        TH0 = 0xFC;   //设置定时初值
  26   1        T0Count++;
  27   1        if(T0Count>=1000)
  28   1        {
  29   2          T0Count=0;
  30   2          Sec++;
  31   2          if(Sec>=60)
  32   2          {
  33   3            Sec=0;
  34   3            Min++;
  35   3            if(Min>=60)
  36   3            {
  37   4              Min=0;
  38   4              Hour++;
  39   4            }
  40   3          }
  41   2        }
  42   1      }


MODULE INFORMATION:   STATIC OVERLAYABLE
   CODE SIZE        =    141    ----
   CONSTANT SIZE    =     14    ----
   XDATA SIZE       =   ----    ----
   PDATA SIZE       =   ----    ----
   DATA SIZE        =      5    ----
   IDATA SIZE       =   ----    ----
   BIT SIZE         =   ----    ----
END OF MODULE INFORMATION.


C51 COMPILATION COMPLETE.  0 WARNING(S),  0 ERROR(S)
