C51 COMPILER V9.60.7.0   MAIN                                                              08/19/2024 17:20:01 PAGE 1   


C51 COMPILER V9.60.7.0, COMPILATION OF MODULE MAIN
OBJECT MODULE PLACED IN .\Objects\main.obj
COMPILER INVOKED BY: C:\Users\mojis\AppData\Local\Keil_v5\C51\BIN\C51.EXE main.c OPTIMIZE(8,SPEED) BROWSE DEBUG OBJECTEX
                    -TEND PRINT(.\Listings\main.lst) TABS(2) OBJECT(.\Objects\main.obj)

line level    source

   1          #include <REGX52.H>
   2          #include "Delay.h"
   3          #include "Uartl.h"
   4          
   5          
   6          //unsigned char Sec;
   7            
   8          void main()
   9          {
  10   1        Uart1_Init();
  11   1        Uartl_SendByte(0x42);
  12   1        while(1)
  13   1        {
  14   2      
  15   2        }
  16   1      }
  17          
  18          void Uart1_Routine() interrupt 4
  19          {
  20   1        if (RI==1)        //检测串口1接收中断
  21   1        {
  22   2          P2=~SBUF;
  23   2          Uartl_SendByte(SBUF);
  24   2          RI = 0;     //清除串口1接收中断请求位
  25   2        }
  26   1      }


MODULE INFORMATION:   STATIC OVERLAYABLE
   CODE SIZE        =     78    ----
   CONSTANT SIZE    =   ----    ----
   XDATA SIZE       =   ----    ----
   PDATA SIZE       =   ----    ----
   DATA SIZE        =   ----    ----
   IDATA SIZE       =   ----    ----
   BIT SIZE         =   ----    ----
END OF MODULE INFORMATION.


C51 COMPILATION COMPLETE.  0 WARNING(S),  0 ERROR(S)
