C51 COMPILER V9.60.7.0   DS1302                                                            08/31/2024 20:34:45 PAGE 1   


C51 COMPILER V9.60.7.0, COMPILATION OF MODULE DS1302
OBJECT MODULE PLACED IN .\Objects\DS1302.obj
COMPILER INVOKED BY: C:\Users\mojis\AppData\Local\Keil_v5\C51\BIN\C51.EXE DS1302.c OPTIMIZE(8,SPEED) BROWSE DEBUG OBJECT
                    -EXTEND PRINT(.\Listings\DS1302.lst) TABS(2) OBJECT(.\Objects\DS1302.obj)

line level    source

   1          #include <REGX52.H>
   2          
   3          sbit DS1302_SCLK=P3^6;
   4          sbit DS1302_IO=P3^4;
   5          sbit DS1302_CE=P3^5;
   6          
   7          #define DS1302_SECOND 0X80
   8          #define DS1302_MINUTE 0X82
   9          #define DS1302_HOUR 0X84
  10          #define DS1302_DATE 0X86
  11          #define DS1302_MONTH 0X88
  12          #define DS1302_DAY 0X8a
  13          #define DS1302_YEAR 0X8c
  14          #define DS1302_WP 0X8e
  15          
  16          unsigned char DS1302_Time[]={24,8,31,19,55,0,6};
  17          
  18          void DS1302_Init()
  19          {
  20   1        DS1302_CE=0;
  21   1        DS1302_SCLK=0;  
  22   1      }
  23          
  24          void DS1302_WriteByte(unsigned char Command,Data)
  25          {
  26   1        unsigned char i;
  27   1        DS1302_CE=1;
  28   1        for(i=0;i<8;i++)
  29   1        {
  30   2          DS1302_IO=Command&(0x01<<i);
  31   2          DS1302_SCLK=1;
  32   2          DS1302_SCLK=0;
  33   2        }
  34   1          for(i=0;i<8;i++)
  35   1        {
  36   2          DS1302_IO=Data&(0x01<<i);
  37   2          DS1302_SCLK=1;
  38   2          DS1302_SCLK=0;
  39   2        }
  40   1        DS1302_CE=0;
  41   1        
  42   1      }
  43          
  44          unsigned char DS1302_ReadByte(unsigned char Command)
  45          {
  46   1        unsigned char i,Data=0x00;
  47   1        Command|=0x01;
  48   1        DS1302_CE=1;
  49   1        for(i=0;i<8;i++)
  50   1        {
  51   2          DS1302_IO=Command&(0x01<<i);
  52   2          DS1302_SCLK=0;
  53   2          DS1302_SCLK=1;
  54   2        }
C51 COMPILER V9.60.7.0   DS1302                                                            08/31/2024 20:34:45 PAGE 2   

  55   1        for(i=0;i<8;i++)
  56   1        { 
  57   2          DS1302_SCLK=1;
  58   2          DS1302_SCLK=0;
  59   2          if(DS1302_IO){Data|=(0x01<<i);}
  60   2        }
  61   1        DS1302_CE=0;
  62   1        DS1302_IO=0;
  63   1        return Data;
  64   1        
  65   1      }
  66          
  67          void DS1302_SetTime(void)
  68          {
  69   1        DS1302_WriteByte(DS1302_WP,0x00);
  70   1        DS1302_WriteByte(DS1302_YEAR,DS1302_Time[0]/10*16+DS1302_Time[0]%10);
  71   1        DS1302_WriteByte(DS1302_MONTH,DS1302_Time[1]/10*16+DS1302_Time[1]%10);
  72   1        DS1302_WriteByte(DS1302_DATE,DS1302_Time[2]/10*16+DS1302_Time[2]%10);
  73   1        DS1302_WriteByte(DS1302_HOUR,DS1302_Time[3]/10*16+DS1302_Time[3]%10);
  74   1        DS1302_WriteByte(DS1302_MINUTE,DS1302_Time[4]/10*16+DS1302_Time[4]%10);
  75   1        DS1302_WriteByte(DS1302_SECOND,DS1302_Time[5]/10*16+DS1302_Time[5]%10);
  76   1        DS1302_WriteByte(DS1302_DAY,DS1302_Time[6]/10*16+DS1302_Time[6]%10);
  77   1        DS1302_WriteByte(DS1302_WP,0x80);
  78   1      }
  79          
  80          void DS1302_ReadTime(void)
  81          {
  82   1        unsigned char Temp;
  83   1        Temp=DS1302_ReadByte(DS1302_YEAR);
  84   1        DS1302_Time[0]=Temp/16*10+Temp%16;//BCD码转十进制后读取
  85   1        Temp=DS1302_ReadByte(DS1302_MONTH);
  86   1        DS1302_Time[1]=Temp/16*10+Temp%16;
  87   1        Temp=DS1302_ReadByte(DS1302_DATE);
  88   1        DS1302_Time[2]=Temp/16*10+Temp%16;
  89   1        Temp=DS1302_ReadByte(DS1302_HOUR);
  90   1        DS1302_Time[3]=Temp/16*10+Temp%16;
  91   1        Temp=DS1302_ReadByte(DS1302_MINUTE);
  92   1        DS1302_Time[4]=Temp/16*10+Temp%16;
  93   1        Temp=DS1302_ReadByte(DS1302_SECOND);
  94   1        DS1302_Time[5]=Temp/16*10+Temp%16;
  95   1        Temp=DS1302_ReadByte(DS1302_DAY);
  96   1        DS1302_Time[6]=Temp/16*10+Temp%16;
  97   1      }


MODULE INFORMATION:   STATIC OVERLAYABLE
   CODE SIZE        =    551    ----
   CONSTANT SIZE    =   ----    ----
   XDATA SIZE       =   ----    ----
   PDATA SIZE       =   ----    ----
   DATA SIZE        =      7       2
   IDATA SIZE       =   ----    ----
   BIT SIZE         =   ----    ----
END OF MODULE INFORMATION.


C51 COMPILATION COMPLETE.  0 WARNING(S),  0 ERROR(S)
