C51 COMPILER V9.60.7.0   MAIN                                                              07/21/2024 16:51:10 PAGE 1   


C51 COMPILER V9.60.7.0, COMPILATION OF MODULE MAIN
OBJECT MODULE PLACED IN .\Objects\main.obj
COMPILER INVOKED BY: C:\Users\mojis\AppData\Local\Keil_v5\C51\BIN\C51.EXE main.c OPTIMIZE(8,SPEED) BROWSE DEBUG OBJECTEX
                    -TEND PRINT(.\Listings\main.lst) TABS(2) OBJECT(.\Objects\main.obj)

line level    source

   1          #include <REGX52.H>
   2          #include <INTRINS.H>
   3           
   4          void Delay_ms(unsigned int a) //@11.0592MHz
   5          {
   6   1        unsigned char data i, j;
   7   1        while(a)
   8   1        {
   9   2        i = 2;
  10   2        j = 199;
  11   2        do
  12   2        {
  13   3          while (--j);
  14   3        } while (--i);
  15   2        a=a-1;
  16   2        }
  17   1        
  18   1      }
  19          
  20          
  21          void main()
  22          {
  23   1        while(1)
  24   1        {
  25   2          if(P3_1==0)
  26   2          {
  27   3            Delay_ms(20);
  28   3            while(P3_1==0);
  29   3              Delay_ms(20);
  30   3            
  31   3            P2_0=~P2_0;
  32   3          }
  33   2        }
  34   1        
  35   1      }


MODULE INFORMATION:   STATIC OVERLAYABLE
   CODE SIZE        =     44    ----
   CONSTANT SIZE    =   ----    ----
   XDATA SIZE       =   ----    ----
   PDATA SIZE       =   ----    ----
   DATA SIZE        =   ----    ----
   IDATA SIZE       =   ----    ----
   BIT SIZE         =   ----    ----
END OF MODULE INFORMATION.


C51 COMPILATION COMPLETE.  0 WARNING(S),  0 ERROR(S)
