C51 COMPILER V9.60.7.0   MAIN                                                              07/27/2024 11:31:24 PAGE 1   


C51 COMPILER V9.60.7.0, COMPILATION OF MODULE MAIN
OBJECT MODULE PLACED IN .\Objects\main.obj
COMPILER INVOKED BY: C:\Users\mojis\AppData\Local\Keil_v5\C51\BIN\C51.EXE main.c OPTIMIZE(8,SPEED) BROWSE DEBUG OBJECTEX
                    -TEND PRINT(.\Listings\main.lst) TABS(2) OBJECT(.\Objects\main.obj)

line level    source

   1          #include <REGX52.H>
   2          #include "LCD1602.h"
   3          #include "Delay.h"
   4          
   5          int a=0;
   6          void main()
   7          {
   8   1        LCD_Init();
   9   1      //  LCD_ShowChar(1,1,'a');
  10   1      //  LCD_ShowString(1,2,"zxy sb");
  11   1      //  LCD_ShowNum(1,9,123,3);
  12   1      //  LCD_ShowSignedNum(1,13,-66,2);
  13   1      //  LCD_ShowHexNum(2,1,0xA8,2);
  14   1      //  LCD_ShowBinNum(2,4,0xAA,8);
  15   1        while(1)
  16   1        {
  17   2          a++;
  18   2          Delay_ms(1000);
  19   2          LCD_ShowNum(1,9,a,3);
  20   2        }
  21   1      }


MODULE INFORMATION:   STATIC OVERLAYABLE
   CODE SIZE        =     34    ----
   CONSTANT SIZE    =   ----    ----
   XDATA SIZE       =   ----    ----
   PDATA SIZE       =   ----    ----
   DATA SIZE        =      2    ----
   IDATA SIZE       =   ----    ----
   BIT SIZE         =   ----    ----
END OF MODULE INFORMATION.


C51 COMPILATION COMPLETE.  0 WARNING(S),  0 ERROR(S)
